Debugger listening on ws://127.0.0.1:50203/3202107b-f5d1-40dd-b6e3-7ad8be76ae9d
For help, see: https://nodejs.org/en/docs/inspector
Debugger attached.

> chatviet-client@1.0.0 build
> react-scripts build

Debugger listening on ws://127.0.0.1:50206/9ada8ba8-784b-4893-9d06-7f26289366d3
For help, see: https://nodejs.org/en/docs/inspector
Debugger attached.
Debugger listening on ws://127.0.0.1:50208/d7c9a91b-6dbf-44ff-b87e-c2db55cd83e3
For help, see: https://nodejs.org/en/docs/inspector
Debugger attached.
Creating an optimized production build...
Compiled with warnings.

[eslint] 
src/components/Auth/LoginForm.js
  Line 45:17:  'sock' is assigned a value but never used  no-unused-vars

src/components/Chat/ChatBox.js
  Line 2:366:    'requestContactsSync' is defined but never used                                                                                                                                             no-unused-vars
  Line 128:10:   'typing' is assigned a value but never used                                                                                                                                                 no-unused-vars
  Line 135:10:   'groupsCollapsed' is assigned a value but never used                                                                                                                                        no-unused-vars
  Line 135:27:   'setGroupsCollapsed' is assigned a value but never used                                                                                                                                     no-unused-vars
  Line 144:27:   'setShowSuggestions' is assigned a value but never used                                                                                                                                     no-unused-vars
  Line 310:10:   'lastContactPayload' is assigned a value but never used                                                                                                                                     no-unused-vars
  Line 311:10:   'lastAvatarReload' is assigned a value but never used                                                                                                                                       no-unused-vars
  Line 328:9:    'usersForPriority' is assigned a value but never used                                                                                                                                       no-unused-vars
  Line 329:9:    'friendsForContacts' is assigned a value but never used                                                                                                                                     no-unused-vars
  Line 363:10:   'manageGroupId' is assigned a value but never used                                                                                                                                          no-unused-vars
  Line 364:10:   'manageGroupData' is assigned a value but never used                                                                                                                                        no-unused-vars
  Line 772:6:    React Hook useEffect has missing dependencies: 'buildAvatarSrc', 'currentUsername', and 'isDev'. Either include them or remove the dependency array                                         react-hooks/exhaustive-deps
  Line 1260:15:  'by' is assigned a value but never used                                                                                                                                                     no-unused-vars
  Line 1418:6:   React Hook useEffect has missing dependencies: 'buildAvatarSrc', 'filterTab', 'isDev', 'selectedUser', and 'updateConversationPreview'. Either include them or remove the dependency array  react-hooks/exhaustive-deps
  Line 1619:6:   React Hook useEffect has a missing dependency: 'mergeWithLocalCache'. Either include it or remove the dependency array                                                                      react-hooks/exhaustive-deps
  Line 1695:6:   React Hook useEffect has a missing dependency: 'filterTab'. Either include it or remove the dependency array                                                                                react-hooks/exhaustive-deps

src/components/Chat/CreateGroupModal.js
  Line 3:10:  'showToast' is defined but never used               no-unused-vars
  Line 3:21:  'showSystemNotification' is defined but never used  no-unused-vars

src/components/Chat/GroupInfoSidebar.js
  Line 13:10:  'showAvatarEdit' is assigned a value but never used     no-unused-vars
  Line 13:26:  'setShowAvatarEdit' is assigned a value but never used  no-unused-vars
  Line 14:10:  'showNameEdit' is assigned a value but never used       no-unused-vars
  Line 14:24:  'setShowNameEdit' is assigned a value but never used    no-unused-vars

src/components/Chat/ProfileModal.js
  Line 283:9:  'handleLogout' is assigned a value but never used  no-unused-vars

src/components/Notifications/ToastContainer.js
  Line 47:6:   React Hook useEffect has missing dependencies: 'defaultDuration', 'defaultMaxToasts', and 'defaultPosition'. Either include them or remove the dependency array. If 'setSettings' needs the current value of 'defaultPosition', you can also switch to useReducer instead of useState and read 'defaultPosition' in the reducer  react-hooks/exhaustive-deps
  Line 98:6:   React Hook useEffect has missing dependencies: 'defaultDuration', 'defaultMaxToasts', and 'defaultPosition'. Either include them or remove the dependency array. If 'setSettings' needs the current value of 'defaultPosition', you can also switch to useReducer instead of useState and read 'defaultPosition' in the reducer  react-hooks/exhaustive-deps
  Line 185:6:  React Hook useEffect has a missing dependency: 'displayToast'. Either include it or remove the dependency array                                                                                                                                                                                                                  react-hooks/exhaustive-deps
  Line 199:6:  React Hook useEffect has a missing dependency: 'displayToast'. Either include it or remove the dependency array                                                                                                                                                                                                                  react-hooks/exhaustive-deps

src/components/Settings/Settings.js
  Line 33:14:  'language' is assigned a value but never used  no-unused-vars

src/components/Settings/components/AppearanceSettings.js
  Line 23:6:  React Hook useEffect has a missing dependency: 'loadSettings'. Either include it or remove the dependency array  react-hooks/exhaustive-deps

src/components/Settings/components/GeneralSettings.js
  Line 9:40:  'currentLang' is assigned a value but never used  no-unused-vars

src/i18n/translations.js
  Line 167:5:  Duplicate key 'lastSeen'  no-dupe-keys
  Line 406:5:  Duplicate key 'lastSeen'  no-dupe-keys
  Line 645:5:  Duplicate key 'lastSeen'  no-dupe-keys

src/services/notifications.js
  Line 235:1:  Assign object to a variable before exporting as module default  import/no-anonymous-default-export

src/services/profileSync.js
  Line 73:1:  Assign object to a variable before exporting as module default  import/no-anonymous-default-export

src/services/upload.js
  Line 68:1:  Assign object to a variable before exporting as module default  import/no-anonymous-default-export

src/utils/fontSizeUtils.js
  Line 79:1:  Assign object to a variable before exporting as module default  import/no-anonymous-default-export

Search for the keywords to learn more about each warning.
To ignore, add // eslint-disable-next-line to the line before.

File sizes after gzip:

  147.03 kB  build/static/js/main.464a920d.js
  4.47 kB    build/static/css/main.5fdcc1fb.css

The project was built assuming it is hosted at /.
You can control this with the homepage field in your package.json.

The build folder is ready to be deployed.
You may serve it with a static server:

  npm install -g serve
  serve -s build

Find out more about deployment here:

  https://cra.link/deployment

Waiting for the debugger to disconnect...
Waiting for the debugger to disconnect...
Waiting for the debugger to disconnect...
